<?xml version="1.0" encoding="UTF-8"?>
<testng-results ignored="0" total="2" passed="2" failed="0" skipped="0">
  <reporter-output>
  </reporter-output>
  <suite started-at="2025-03-13T16:02:27 MEZ" name="User" finished-at="2025-03-13T16:02:49 MEZ" duration-ms="22756">
    <groups>
    </groups>
    <test started-at="2025-03-13T16:02:27 MEZ" name="User" finished-at="2025-03-13T16:02:49 MEZ" duration-ms="22756">
      <class name="com.demoqa.tests.bookStore.LoginTests">
        <test-method is-config="true" signature="init(java.lang.reflect.Method)[pri:0, instance:com.demoqa.tests.bookStore.LoginTests@19d481b]" started-at="2025-03-13T16:02:27 MEZ" name="init" finished-at="2025-03-13T16:02:36 MEZ" duration-ms="9565" status="PASS">
          <params>
            <param index="0">
              <value>
                <![CDATA[public void com.demoqa.tests.bookStore.LoginTests.loginPositiveTest()]]>
              </value>
            </param>
          </params>
          <reporter-output>
          </reporter-output>
        </test-method> <!-- init -->
        <test-method is-config="true" signature="precondition()[pri:0, instance:com.demoqa.tests.bookStore.LoginTests@19d481b]" started-at="2025-03-13T16:02:36 MEZ" name="precondition" finished-at="2025-03-13T16:02:37 MEZ" duration-ms="882" status="PASS">
          <reporter-output>
          </reporter-output>
        </test-method> <!-- precondition -->
        <test-method signature="loginPositiveTest()[pri:0, instance:com.demoqa.tests.bookStore.LoginTests@19d481b]" started-at="2025-03-13T16:02:37 MEZ" name="loginPositiveTest" finished-at="2025-03-13T16:02:40 MEZ" duration-ms="3392" status="PASS">
          <reporter-output>
          </reporter-output>
        </test-method> <!-- loginPositiveTest -->
      </class> <!-- com.demoqa.tests.bookStore.LoginTests -->
      <class name="com.demoqa.tests.bookStore.SearchBookTests">
        <test-method is-config="true" signature="init(java.lang.reflect.Method)[pri:0, instance:com.demoqa.tests.bookStore.SearchBookTests@d29f28]" started-at="2025-03-13T16:02:40 MEZ" name="init" finished-at="2025-03-13T16:02:46 MEZ" duration-ms="5650" status="PASS">
          <params>
            <param index="0">
              <value>
                <![CDATA[public void com.demoqa.tests.bookStore.SearchBookTests.searchBookPositiveTest()]]>
              </value>
            </param>
          </params>
          <reporter-output>
          </reporter-output>
        </test-method> <!-- init -->
        <test-method is-config="true" signature="precondition()[pri:0, instance:com.demoqa.tests.bookStore.SearchBookTests@d29f28]" started-at="2025-03-13T16:02:46 MEZ" name="precondition" finished-at="2025-03-13T16:02:47 MEZ" duration-ms="1008" status="PASS">
          <reporter-output>
          </reporter-output>
        </test-method> <!-- precondition -->
        <test-method signature="searchBookPositiveTest()[pri:0, instance:com.demoqa.tests.bookStore.SearchBookTests@d29f28]" started-at="2025-03-13T16:02:47 MEZ" name="searchBookPositiveTest" finished-at="2025-03-13T16:02:49 MEZ" duration-ms="2165" status="PASS">
          <reporter-output>
          </reporter-output>
        </test-method> <!-- searchBookPositiveTest -->
      </class> <!-- com.demoqa.tests.bookStore.SearchBookTests -->
    </test> <!-- User -->
  </suite> <!-- User -->
</testng-results>
